<?xml version="1.0" encoding="UTF-8"?>
<!-- Generated by org.testng.reporters.JUnitReportReporter -->
<testsuite hostname="SPTVMLAP-5276" failures="0" tests="18" name="com.test.user.AllScenarios" time="615.608" errors="0" timestamp="2022-05-18T20:13:11 IST" skipped="0">
  <testcase classname="com.test.user.AllScenarios" name="RUNALL" time="26.638"/>
  <system-out/>
  <testcase classname="com.test.user.AllScenarios" name="RUNALL" time="21.817"/>
  <system-out/>
  <testcase classname="com.test.user.AllScenarios" name="RUNALL" time="54.896"/>
  <system-out/>
  <testcase classname="com.test.user.AllScenarios" name="RUNALL" time="24.701"/>
  <system-out/>
  <testcase classname="com.test.user.AllScenarios" name="RUNALL" time="22.763"/>
  <system-out/>
  <testcase classname="com.test.user.AllScenarios" name="RUNALL" time="21.161"/>
  <system-out/>
  <testcase classname="com.test.user.AllScenarios" name="RUNALL" time="28.455"/>
  <system-out/>
  <testcase classname="com.test.user.AllScenarios" name="RUNALL" time="22.999"/>
  <system-out/>
  <testcase classname="com.test.user.AllScenarios" name="RUNALL" time="23.471"/>
  <system-out/>
  <testcase classname="com.test.user.AllScenarios" name="RUNALL" time="53.377"/>
  <system-out/>
  <testcase classname="com.test.user.AllScenarios" name="RUNALL" time="51.708"/>
  <system-out/>
  <testcase classname="com.test.user.AllScenarios" name="RUNALL" time="21.842"/>
  <system-out/>
  <testcase classname="com.test.user.AllScenarios" name="RUNALL" time="44.449"/>
  <system-out/>
  <testcase classname="com.test.user.AllScenarios" name="RUNALL" time="32.755"/>
  <system-out/>
  <testcase classname="com.test.user.AllScenarios" name="RUNALL" time="55.335"/>
  <system-out/>
  <testcase classname="com.test.user.AllScenarios" name="RUNALL" time="52.296"/>
  <system-out/>
  <testcase classname="com.test.user.AllScenarios" name="RUNALL" time="23.029"/>
  <system-out/>
  <testcase classname="com.test.user.AllScenarios" name="RUNALL" time="33.916"/>
  <system-out/>
</testsuite> <!-- com.test.user.AllScenarios -->
